# JRE version: OpenJDK Runtime Environment (21.0.4) (build 21.0.4+-12508038-b607.1)
# Java VM: OpenJDK 64-Bit Server VM (21.0.4+-12508038-b607.1, mixed mode, tiered, compressed oops, compressed class ptrs, g1 gc, windows-amd64)
GC Precious Log:
 CardTable entry size: 512
 Card Set container configuration: InlinePtr #cards 5 size 8 Array Of Cards #cards 12 size 40 Howl #buckets 4 coarsen threshold 1843 Howl Bitmap #cards 512 size 80 coarsen threshold 460 Card regions per heap region 1 cards per card region 2048
 CPUs: 12 total, 12 available
 Memory: 16205M
 Large Page Support: Disabled
 NUMA Support: Disabled
 Compressed Oops: Enabled (32-bit)
 Heap Region Size: 1M
 Heap Min Capacity: 8M
 Heap Initial Capacity: 254M
 Heap Max Capacity: 2G
 Pre-touch: Disabled
 Parallel Workers: 10
 Concurrent Workers: 3
 Concurrent Refinement Workers: 10
 Periodic GC: Disabled
Heap:
 garbage-first heap   total 100352K, used 71737K [0x0000000080000000, 0x0000000100000000)
  region size 1024K, 3 young (3072K), 1 survivors (1024K)
 Metaspace       used 77528K, committed 79232K, reserved 1179648K
  class space    used 10310K, committed 11136K, reserved 1048576K
GC Heap History (20 events):
Event: 11.837 GC heap before
{Heap before GC invocations=18 (full 0):
 garbage-first heap   total 92160K, used 79833K [0x0000000080000000, 0x0000000100000000)
  region size 1024K, 37 young (37888K), 5 survivors (5120K)
 Metaspace       used 70757K, committed 72384K, reserved 1114112K
  class space    used 9535K, committed 10368K, reserved 1048576K
}
Event: 11.841 GC heap after
{Heap after GC invocations=19 (full 0):
 garbage-first heap   total 92160K, used 52118K [0x0000000080000000, 0x0000000100000000)
  region size 1024K, 4 young (4096K), 4 survivors (4096K)
 Metaspace       used 70757K, committed 72384K, reserved 1114112K
  class space    used 9535K, committed 10368K, reserved 1048576K
}
Event: 13.024 GC heap before
{Heap before GC invocations=20 (full 0):
 garbage-first heap   total 92160K, used 80790K [0x0000000080000000, 0x0000000100000000)
  region size 1024K, 33 young (33792K), 4 survivors (4096K)
 Metaspace       used 71007K, committed 72640K, reserved 1114112K
  class space    used 9565K, committed 10368K, reserved 1048576K
}
Event: 13.027 GC heap after
{Heap after GC invocations=21 (full 0):
 garbage-first heap   total 92160K, used 52206K [0x0000000080000000, 0x0000000100000000)
  region size 1024K, 3 young (3072K), 3 survivors (3072K)
 Metaspace       used 71007K, committed 72640K, reserved 1114112K
  class space    used 9565K, committed 10368K, reserved 1048576K
}
Event: 13.227 GC heap before
{Heap before GC invocations=21 (full 0):
 garbage-first heap   total 92160K, used 81902K [0x0000000080000000, 0x0000000100000000)
  region size 1024K, 33 young (33792K), 3 survivors (3072K)
 Metaspace       used 71227K, committed 72896K, reserved 1114112K
  class space    used 9569K, committed 10368K, reserved 1048576K
}
Event: 13.230 GC heap after
{Heap after GC invocations=22 (full 0):
 garbage-first heap   total 92160K, used 51628K [0x0000000080000000, 0x0000000100000000)
  region size 1024K, 3 young (3072K), 3 survivors (3072K)
 Metaspace       used 71227K, committed 72896K, reserved 1114112K
  class space    used 9569K, committed 10368K, reserved 1048576K
}
Event: 13.397 GC heap before
{Heap before GC invocations=22 (full 0):
 garbage-first heap   total 92160K, used 82348K [0x0000000080000000, 0x0000000100000000)
  region size 1024K, 33 young (33792K), 3 survivors (3072K)
 Metaspace       used 71272K, committed 72896K, reserved 1114112K
  class space    used 9569K, committed 10368K, reserved 1048576K
}
Event: 13.400 GC heap after
{Heap after GC invocations=23 (full 0):
 garbage-first heap   total 92160K, used 52449K [0x0000000080000000, 0x0000000100000000)
  region size 1024K, 3 young (3072K), 3 survivors (3072K)
 Metaspace       used 71272K, committed 72896K, reserved 1114112K
  class space    used 9569K, committed 10368K, reserved 1048576K
}
Event: 13.554 GC heap before
{Heap before GC invocations=24 (full 0):
 garbage-first heap   total 92160K, used 81121K [0x0000000080000000, 0x0000000100000000)
  region size 1024K, 32 young (32768K), 3 survivors (3072K)
 Metaspace       used 71283K, committed 72896K, reserved 1114112K
  class space    used 9569K, committed 10368K, reserved 1048576K
}
Event: 13.557 GC heap after
{Heap after GC invocations=25 (full 0):
 garbage-first heap   total 92160K, used 52922K [0x0000000080000000, 0x0000000100000000)
  region size 1024K, 3 young (3072K), 3 survivors (3072K)
 Metaspace       used 71283K, committed 72896K, reserved 1114112K
  class space    used 9569K, committed 10368K, reserved 1048576K
}
Event: 13.791 GC heap before
{Heap before GC invocations=25 (full 0):
 garbage-first heap   total 92160K, used 82618K [0x0000000080000000, 0x0000000100000000)
  region size 1024K, 33 young (33792K), 3 survivors (3072K)
 Metaspace       used 71499K, committed 73152K, reserved 1114112K
  class space    used 9603K, committed 10432K, reserved 1048576K
}
Event: 13.795 GC heap after
{Heap after GC invocations=26 (full 0):
 garbage-first heap   total 92160K, used 53419K [0x0000000080000000, 0x0000000100000000)
  region size 1024K, 4 young (4096K), 4 survivors (4096K)
 Metaspace       used 71499K, committed 73152K, reserved 1114112K
  class space    used 9603K, committed 10432K, reserved 1048576K
}
Event: 13.831 GC heap before
{Heap before GC invocations=26 (full 0):
 garbage-first heap   total 92160K, used 54443K [0x0000000080000000, 0x0000000100000000)
  region size 1024K, 6 young (6144K), 4 survivors (4096K)
 Metaspace       used 71514K, committed 73152K, reserved 1114112K
  class space    used 9603K, committed 10432K, reserved 1048576K
}
Event: 13.834 GC heap after
{Heap after GC invocations=27 (full 0):
 garbage-first heap   total 92160K, used 53587K [0x0000000080000000, 0x0000000100000000)
  region size 1024K, 1 young (1024K), 1 survivors (1024K)
 Metaspace       used 71514K, committed 73152K, reserved 1114112K
  class space    used 9603K, committed 10432K, reserved 1048576K
}
Event: 14.477 GC heap before
{Heap before GC invocations=28 (full 0):
 garbage-first heap   total 92160K, used 90451K [0x0000000080000000, 0x0000000100000000)
  region size 1024K, 27 young (27648K), 1 survivors (1024K)
 Metaspace       used 73111K, committed 74752K, reserved 1114112K
  class space    used 9821K, committed 10624K, reserved 1048576K
}
Event: 14.481 GC heap after
{Heap after GC invocations=29 (full 0):
 garbage-first heap   total 100352K, used 70709K [0x0000000080000000, 0x0000000100000000)
  region size 1024K, 4 young (4096K), 4 survivors (4096K)
 Metaspace       used 73111K, committed 74752K, reserved 1114112K
  class space    used 9821K, committed 10624K, reserved 1048576K
}
Event: 14.761 GC heap before
{Heap before GC invocations=29 (full 0):
 garbage-first heap   total 100352K, used 88117K [0x0000000080000000, 0x0000000100000000)
  region size 1024K, 22 young (22528K), 4 survivors (4096K)
 Metaspace       used 74890K, committed 76608K, reserved 1179648K
  class space    used 10054K, committed 10880K, reserved 1048576K
}
Event: 14.763 GC heap after
{Heap after GC invocations=30 (full 0):
 garbage-first heap   total 100352K, used 70284K [0x0000000080000000, 0x0000000100000000)
  region size 1024K, 1 young (1024K), 1 survivors (1024K)
 Metaspace       used 74890K, committed 76608K, reserved 1179648K
  class space    used 10054K, committed 10880K, reserved 1048576K
}
Event: 15.097 GC heap before
{Heap before GC invocations=30 (full 0):
 garbage-first heap   total 100352K, used 88716K [0x0000000080000000, 0x0000000100000000)
  region size 1024K, 20 young (20480K), 1 survivors (1024K)
 Metaspace       used 77178K, committed 78848K, reserved 1179648K
  class space    used 10274K, committed 11136K, reserved 1048576K
}
Event: 15.100 GC heap after
{Heap after GC invocations=31 (full 0):
 garbage-first heap   total 100352K, used 70713K [0x0000000080000000, 0x0000000100000000)
  region size 1024K, 1 young (1024K), 1 survivors (1024K)
 Metaspace       used 77178K, committed 78848K, reserved 1179648K
  class space    used 10274K, committed 11136K, reserved 1048576K
}

